<?xml version="1.0" encoding="UTF-8"?>
<!-- Generated by org.testng.reporters.JUnitReportReporter -->
<testsuite hostname="BRSSBWLFETMJOKS" name="test.com.sen.api.ApiTest" tests="1" failures="0" timestamp="21 Jan 2019 14:03:15 GMT" time="0.818" errors="0">
  <testcase name="apiTest" time="0.818" classname="test.com.sen.api.ApiTest"/>
</testsuite> <!-- test.com.sen.api.ApiTest -->
